"C:/Users/Mark/Documents/School/SoftwareEngineering/TDProject/TDProject.uproject" 1
"../../../Engine/Plugins/2D/Paper2D/Paper2D.uplugin" 2
"../../../Engine/Plugins/Blendables/LightPropagationVolume/LightPropagationVolume.uplugin" 3
"../../../Engine/Plugins/Developer/BlankPlugin/BlankPlugin.uplugin" 4
"../../../Engine/Plugins/Developer/CodeLiteSourceCodeAccess/CodeLiteSourceCodeAccess.uplugin" 5
"../../../Engine/Plugins/Developer/GitSourceControl/GitSourceControl.uplugin" 6
"../../../Engine/Plugins/Developer/KDevelopSourceCodeAccess/KDevelopSourceCodeAccess.uplugin" 7
"../../../Engine/Plugins/Developer/NullSourceCodeAccess/NullSourceCodeAccess.uplugin" 8
"../../../Engine/Plugins/Developer/OneSkyLocalizationService/OneSkyLocalizationService.uplugin" 9
"../../../Engine/Plugins/Developer/PerforceSourceControl/PerforceSourceControl.uplugin" 10
"../../../Engine/Plugins/Developer/SubversionSourceControl/SubversionSourceControl.uplugin" 11
"../../../Engine/Plugins/Developer/UObjectPlugin/UObjectPlugin.uplugin" 12
"../../../Engine/Plugins/Developer/VisualStudioSourceCodeAccess/VisualStudioSourceCodeAccess.uplugin" 13
"../../../Engine/Plugins/Developer/XCodeSourceCodeAccess/XCodeSourceCodeAccess.uplugin" 14
"../../../Engine/Plugins/Editor/EpicSurvey/EpicSurvey.uplugin" 15
"../../../Engine/Plugins/Editor/MacGraphicsSwitching/MacGraphicsSwitching.uplugin" 16
"../../../Engine/Plugins/Editor/PluginBrowser/PluginBrowser.uplugin" 17
"../../../Engine/Plugins/Editor/SpeedTreeImporter/SpeedTreeImporter.uplugin" 18
"../../../Engine/Plugins/Experimental/BlueprintStats/BlueprintStats.uplugin" 19
"../../../Engine/Plugins/Experimental/CharacterAI/CharacterAI.uplugin" 20
"../../../Engine/Plugins/Experimental/CodeEditor/CodeEditor.uplugin" 21
"../../../Engine/Plugins/Experimental/CodeView/CodeView.uplugin" 22
"../../../Engine/Plugins/Experimental/HTML5Networking/HTML5Networking.uplugin" 23
"../../../Engine/Plugins/Experimental/LiveEditor/LiveEditor.uplugin" 24
"../../../Engine/Plugins/Experimental/Phya/Phya.uplugin" 25
"../../../Engine/Plugins/Experimental/SimpleHMD/SimpleHMD.uplugin" 26
"../../../Engine/Plugins/Experimental/StructBox/StructBox.uplugin" 27
"../../../Engine/Plugins/Media/AndroidMedia/AndroidMedia.uplugin" 28
"../../../Engine/Plugins/Media/AvfMedia/AvfMedia.uplugin" 29
"../../../Engine/Plugins/Media/MediaPlayerEditor/MediaPlayerEditor.uplugin" 30
"../../../Engine/Plugins/Media/WmfMedia/WmfMedia.uplugin" 31
"../../../Engine/Plugins/Messaging/MessagingDebugger/MessagingDebugger.uplugin" 32
"../../../Engine/Plugins/Messaging/UdpMessaging/UdpMessaging.uplugin" 33
"../../../Engine/Plugins/NetcodeUnitTest/NetcodeUnitTest/NetcodeUnitTest.uplugin" 34
"../../../Engine/Plugins/NetcodeUnitTest/NUTUnrealEngine4/NUTUnrealEngine4.uplugin" 35
"../../../Engine/Plugins/Runtime/Advertising/IOSTapJoy/IOSTapJoy.uplugin" 36
"../../../Engine/Plugins/Runtime/Analytics/AnalyticsBlueprintLibrary/AnalyticsBlueprintLibrary.uplugin" 37
"../../../Engine/Plugins/Runtime/Analytics/AnalyticsMulticast/AnalyticsMulticast.uplugin" 38
"../../../Engine/Plugins/Runtime/Analytics/Apsalar/IOSApsalar/IOSApsalar.uplugin" 39
"../../../Engine/Plugins/Runtime/Analytics/FileLogging/FileLogging.uplugin" 40
"../../../Engine/Plugins/Runtime/Analytics/Flurry/IOSFlurry/IOSFlurry.uplugin" 41
"../../../Engine/Plugins/Runtime/AndroidDeviceProfileSelector/AndroidDeviceProfileSelector.uplugin" 42
"../../../Engine/Plugins/Runtime/AndroidMoviePlayer/AndroidMoviePlayer.uplugin" 43
"../../../Engine/Plugins/Runtime/AppleMoviePlayer/AppleMoviePlayer.uplugin" 44
"../../../Engine/Plugins/Runtime/ArchVisCharacter/ArchVisCharacter.uplugin" 45
"../../../Engine/Plugins/Runtime/CableComponent/CableComponent.uplugin" 46
"../../../Engine/Plugins/Runtime/CustomMeshComponent/CustomMeshComponent.uplugin" 47
"../../../Engine/Plugins/Runtime/ExampleDeviceProfileSelector/ExampleDeviceProfileSelector.uplugin" 48
"../../../Engine/Plugins/Runtime/GearVR/GearVR.uplugin" 49
"../../../Engine/Plugins/Runtime/IOSDeviceProfileSelector/IOSDeviceProfileSelector.uplugin" 50
"../../../Engine/Plugins/Runtime/LeapMotionController/LeapMotionController.uplugin" 51
"../../../Engine/Plugins/Runtime/LiveEditorListenServer/LiveEditorListenServer.uplugin" 52
"../../../Engine/Plugins/Runtime/OculusAudio/OculusAudio.uplugin" 53
"../../../Engine/Plugins/Runtime/OculusLibrary/OculusLibrary.uplugin" 54
"../../../Engine/Plugins/Runtime/OculusRift/OculusRift.uplugin" 55
"../../../Engine/Plugins/Runtime/ProceduralMeshComponent/ProceduralMeshComponent.uplugin" 56
"../../../Engine/Plugins/Runtime/SoundMod/SoundMod.uplugin" 57
"../../../Engine/Plugins/Runtime/SoundVisualizations/SoundVisualizations.uplugin" 58
"../../../Engine/Plugins/Runtime/Steam/SteamController/SteamController.uplugin" 59
"../../../Engine/Plugins/Runtime/Steam/SteamVR/SteamVR.uplugin" 60
"../../../Engine/Plugins/Runtime/WebBrowserWidget/WebBrowserWidget.uplugin" 61
"../../../Engine/Plugins/Runtime/WindowsDeviceProfileSelector/WindowsDeviceProfileSelector.uplugin" 62
"../../../Engine/Plugins/Runtime/WindowsMoviePlayer/WindowsMoviePlayer.uplugin" 63
"../../../Engine/Plugins/ScriptGeneratorPlugin/ScriptGeneratorPlugin.uplugin" 64
"../../../Engine/Plugins/ScriptPlugin/ScriptPlugin.uplugin" 65
"../../../Engine/Plugins/Slate/SlateRemote/SlateRemote.uplugin" 66
"..\..\..\Engine\Content\Internationalization\icudt53l\cnvalias.icu" 67
"..\..\..\Engine\Content\Internationalization\icudt53l\en_US_POSIX.res" 68
"..\..\..\Engine\Content\Internationalization\icudt53l\pool.res" 69
"..\..\..\Engine\Content\Internationalization\icudt53l\en_US.res" 70
"..\..\..\Engine\Content\Internationalization\icudt53l\en.res" 71
"..\..\..\Engine\Content\Internationalization\icudt53l\root.res" 72
"C:/Users/Mark/AppData/Local/UnrealEngine/4.9/Saved/Config/Windows/Manifest.ini" 73
"../../../Engine/Config/Base.ini" 74
"../../../Engine/Config/BaseEngine.ini" 75
"C:/Users/Mark/Documents/School/SoftwareEngineering/TDProject/Config/DefaultEngine.ini" 76
"../../../Engine/Config/Windows/WindowsEngine.ini" 77
"C:/Users/Mark/Documents/School/SoftwareEngineering/TDProject/Saved/Config/Windows/Engine.ini" 78
"../../../../../../Users/Mark/Documents/School/SoftwareEngineering/TDProject/Intermediate/Config/CoalescedSourceConfigs/Engine.ini" 79
"../../../Engine/Config/BaseGame.ini" 80
"C:/Users/Mark/Documents/School/SoftwareEngineering/TDProject/Config/DefaultGame.ini" 81
"C:/Users/Mark/Documents/School/SoftwareEngineering/TDProject/Saved/Config/Windows/Game.ini" 82
"../../../../../../Users/Mark/Documents/School/SoftwareEngineering/TDProject/Intermediate/Config/CoalescedSourceConfigs/Game.ini" 83
"../../../Engine/Config/BaseInput.ini" 84
"C:/Users/Mark/Documents/School/SoftwareEngineering/TDProject/Config/DefaultInput.ini" 85
"C:/Users/Mark/Documents/School/SoftwareEngineering/TDProject/Saved/Config/Windows/Input.ini" 86
"../../../../../../Users/Mark/Documents/School/SoftwareEngineering/TDProject/Intermediate/Config/CoalescedSourceConfigs/Input.ini" 87
"../../../Engine/Config/BaseEditor.ini" 88
"C:/Users/Mark/Documents/School/SoftwareEngineering/TDProject/Config/DefaultEditor.ini" 89
"C:/Users/Mark/Documents/School/SoftwareEngineering/TDProject/Saved/Config/Windows/Editor.ini" 90
"../../../../../../Users/Mark/Documents/School/SoftwareEngineering/TDProject/Intermediate/Config/CoalescedSourceConfigs/Editor.ini" 91
"../../../Engine/Config/BaseEditorPerProjectUserSettings.ini" 92
"C:/Users/Mark/Documents/School/SoftwareEngineering/TDProject/Saved/Config/Windows/EditorPerProjectUserSettings.ini" 93
"../../../../../../Users/Mark/Documents/School/SoftwareEngineering/TDProject/Intermediate/Config/CoalescedSourceConfigs/EditorPerProjectUserSettings.ini" 94
"../../../Engine/Config/BaseEditorSettings.ini" 95
"C:/Users/Mark/AppData/Local/UnrealEngine/4.9/Saved/Config/Windows/EditorSettings.ini" 96
"../../../../../../Users/Mark/Documents/School/SoftwareEngineering/TDProject/Intermediate/Config/CoalescedSourceConfigs/EditorSettings.ini" 97
"../../../Engine/Config/BaseEditorLayout.ini" 98
"C:/Users/Mark/AppData/Local/UnrealEngine/4.9/Saved/Config/Windows/EditorLayout.ini" 99
"../../../../../../Users/Mark/Documents/School/SoftwareEngineering/TDProject/Intermediate/Config/CoalescedSourceConfigs/EditorLayout.ini" 100
"../../../Engine/Config/BaseEditorKeyBindings.ini" 101
"C:/Users/Mark/AppData/Local/UnrealEngine/4.9/Saved/Config/Windows/EditorKeyBindings.ini" 102
"../../../../../../Users/Mark/Documents/School/SoftwareEngineering/TDProject/Intermediate/Config/CoalescedSourceConfigs/EditorKeyBindings.ini" 103
"../../../Engine/Config/BaseCompat.ini" 104
"C:/Users/Mark/Documents/School/SoftwareEngineering/TDProject/Saved/Config/Windows/Compat.ini" 105
"../../../../../../Users/Mark/Documents/School/SoftwareEngineering/TDProject/Intermediate/Config/CoalescedSourceConfigs/Compat.ini" 106
"../../../Engine/Config/BaseLightmass.ini" 107
"C:/Users/Mark/Documents/School/SoftwareEngineering/TDProject/Saved/Config/Windows/Lightmass.ini" 108
"../../../../../../Users/Mark/Documents/School/SoftwareEngineering/TDProject/Intermediate/Config/CoalescedSourceConfigs/Lightmass.ini" 109
"../../../Engine/Config/BaseScalability.ini" 110
"C:/Users/Mark/Documents/School/SoftwareEngineering/TDProject/Saved/Config/Windows/Scalability.ini" 111
"../../../../../../Users/Mark/Documents/School/SoftwareEngineering/TDProject/Intermediate/Config/CoalescedSourceConfigs/Scalability.ini" 112
"C:/Users/Mark/Documents/School/SoftwareEngineering/TDProject/Saved/Config/Windows/GameUserSettings.ini" 113
"../../../../../../Users/Mark/Documents/School/SoftwareEngineering/TDProject/Intermediate/Config/CoalescedSourceConfigs/GameUserSettings.ini" 114
"../../../Engine/Config/BaseDeviceProfiles.ini" 115
"C:/Users/Mark/Documents/School/SoftwareEngineering/TDProject/Saved/Config/Windows/DeviceProfiles.ini" 116
"../../../../../../Users/Mark/Documents/School/SoftwareEngineering/TDProject/Intermediate/Config/CoalescedSourceConfigs/DeviceProfiles.ini" 117
"../../../Engine/Config/ConsoleVariables.ini" 118
"..\..\..\Engine\Content\Internationalization\icudt53l\es.res" 119
"..\..\..\Engine\Content\Internationalization\icudt53l\ja.res" 120
"..\..\..\Engine\Content\Internationalization\icudt53l\ko.res" 121
"..\..\..\Engine\Content\Internationalization\icudt53l\pt_BR.res" 122
"..\..\..\Engine\Content\Internationalization\icudt53l\pt.res" 123
"..\..\..\Engine\Content\Internationalization\icudt53l\zh_CN.res" 124
"..\..\..\Engine\Content\Internationalization\icudt53l\zh_Hans_CN.res" 125
"..\..\..\Engine\Content\Internationalization\icudt53l\zh_Hans.res" 126
"..\..\..\Engine\Content\Internationalization\icudt53l\zh.res" 127
"C:/Program Files/Epic Games/4.9/Engine/Content/Localization/Editor/en/Editor.locres" 128
"C:/Program Files/Epic Games/4.9/Engine/Content/Localization/EditorTutorials/en/EditorTutorials.locres" 129
"C:/Program Files/Epic Games/4.9/Engine/Content/Localization/Keywords/en/Keywords.locres" 130
"C:/Program Files/Epic Games/4.9/Engine/Content/Localization/Category/en/Category.locres" 131
"C:/Program Files/Epic Games/4.9/Engine/Content/Localization/ToolTips/en/ToolTips.locres" 132
"C:/Program Files/Epic Games/4.9/Engine/Content/Localization/PropertyNames/en/PropertyNames.locres" 133
"C:/Program Files/Epic Games/4.9/Engine/Content/Localization/Engine/en/Engine.locres" 134
"../../../Engine/Content/Slate/Fonts/Roboto-Regular.ttf" 135
"../../../Engine/Content/Slate/Fonts/DroidSansMono.ttf" 136
"../../../Engine/Content/Slate/Fonts/Roboto-Bold.ttf" 137
"../../../Engine/Content/Slate/Fonts/Roboto-Light.ttf" 138
"C:/Program Files/Epic Games/4.9/Engine/Binaries/Win64/../../../Engine/Shaders/ParticleSpriteVertexFactory.usf" 139
"C:/Program Files/Epic Games/4.9/Engine/Binaries/Win64/../../../Engine/Shaders/VertexFactoryCommon.usf" 140
"C:/Program Files/Epic Games/4.9/Engine/Binaries/Win64/../../../Engine/Shaders/Common.usf" 141
"C:/Program Files/Epic Games/4.9/Engine/Binaries/Win64/../../../Engine/Shaders/MetalCommon.usf" 142
"C:/Program Files/Epic Games/4.9/Engine/Binaries/Win64/../../../Engine/Shaders/ShaderVersion.usf" 143
"C:/Program Files/Epic Games/4.9/Engine/Binaries/Win64/../../../Engine/Shaders/CommonViewUniformBuffer.usf" 144
"C:/Program Files/Epic Games/4.9/Engine/Binaries/Win64/../../../Engine/Shaders/Definitions.usf" 145
"C:/Program Files/Epic Games/4.9/Engine/Binaries/Win64/../../../Engine/Shaders/Random.usf" 146
"C:/Program Files/Epic Games/4.9/Engine/Binaries/Win64/../../../Engine/Shaders/ParticleVertexFactoryCommon.usf" 147
"C:/Program Files/Epic Games/4.9/Engine/Binaries/Win64/../../../Engine/Shaders/ParticleGPUSpriteVertexFactory.usf" 148
"C:/Program Files/Epic Games/4.9/Engine/Binaries/Win64/../../../Engine/Shaders/ParticleBeamTrailVertexFactory.usf" 149
"C:/Program Files/Epic Games/4.9/Engine/Binaries/Win64/../../../Engine/Shaders/LocalVertexFactory.usf" 150
"C:/Program Files/Epic Games/4.9/Engine/Binaries/Win64/../../../Engine/Shaders/LocalVertexFactoryCommon.usf" 151
"C:/Program Files/Epic Games/4.9/Engine/Binaries/Win64/../../../Engine/Shaders/VectorFieldVisualizationVertexFactory.usf" 152
"C:/Program Files/Epic Games/4.9/Engine/Binaries/Win64/../../../Engine/Shaders/MeshParticleVertexFactory.usf" 153
"C:/Program Files/Epic Games/4.9/Engine/Binaries/Win64/../../../Engine/Shaders/GpuSkinVertexFactory.usf" 154
"C:/Program Files/Epic Games/4.9/Engine/Binaries/Win64/../../../Engine/Shaders/GpuSkinCacheCommon.usf" 155
"C:/Program Files/Epic Games/4.9/Engine/Binaries/Win64/../../../Engine/Shaders/LandscapeVertexFactory.usf" 156
"C:/Program Files/Epic Games/4.9/Engine/Binaries/Win64/../../../Engine/Shaders/SlateElementPixelShader.usf" 157
"C:/Program Files/Epic Games/4.9/Engine/Binaries/Win64/../../../Engine/Shaders/GammaCorrectionCommon.usf" 158
"C:/Program Files/Epic Games/4.9/Engine/Binaries/Win64/../../../Engine/Shaders/MaterialTemplate.usf" 159
"C:/Program Files/Epic Games/4.9/Engine/Binaries/Win64/../../../Engine/Shaders/DepthOfFieldCommon.usf" 160
"C:/Program Files/Epic Games/4.9/Engine/Binaries/Win64/../../../Engine/Shaders/GlobalDistanceFieldShared.usf" 161
"C:/Program Files/Epic Games/4.9/Engine/Binaries/Win64/../../../Engine/Shaders/SpeedTreeCommon.usf" 162
"C:/Program Files/Epic Games/4.9/Engine/Binaries/Win64/../../../Engine/Shaders/AtmosphereCommon.usf" 163
"C:/Program Files/Epic Games/4.9/Engine/Binaries/Win64/../../../Engine/Shaders/PaniniProjection.usf" 164
"C:/Program Files/Epic Games/4.9/Engine/Binaries/Win64/../../../Engine/Shaders/EyeAdaptationCommon.usf" 165
"C:/Program Files/Epic Games/4.9/Engine/Binaries/Win64/../../../Engine/Shaders/PostProcessCommon.usf" 166
"C:/Program Files/Epic Games/4.9/Engine/Binaries/Win64/../../../Engine/Shaders/DeferredShadingCommon.usf" 167
"C:/Program Files/Epic Games/4.9/Engine/Binaries/Win64/../../../Engine/Shaders/LightAccumulator.usf" 168
"C:/Program Files/Epic Games/4.9/Engine/Binaries/Win64/../../../Engine/Shaders/SlateVertexShader.usf" 169
"C:/Program Files/Epic Games/4.9/Engine/Binaries/Win64/../../../Engine/Shaders/ParticleSortKeyGen.usf" 170
"C:/Program Files/Epic Games/4.9/Engine/Binaries/Win64/../../../Engine/Shaders/ParticleBoundsShader.usf" 171
"C:/Program Files/Epic Games/4.9/Engine/Binaries/Win64/../../../Engine/Shaders/ParticleSimVisualizeShader.usf" 172
"C:/Program Files/Epic Games/4.9/Engine/Binaries/Win64/../../../Engine/Shaders/ParticleInjectionShader.usf" 173
"C:/Program Files/Epic Games/4.9/Engine/Binaries/Win64/../../../Engine/Shaders/ParticleSimulationShader.usf" 174
"C:/Program Files/Epic Games/4.9/Engine/Binaries/Win64/../../../Engine/Shaders/ParticleCurveInjectionShader.usf" 175
"C:/Program Files/Epic Games/4.9/Engine/Binaries/Win64/../../../Engine/Shaders/VectorFieldCompositeShaders.usf" 176
"C:/Program Files/Epic Games/4.9/Engine/Binaries/Win64/../../../Engine/Shaders/UpdateTextureShaders.usf" 177
"C:/Program Files/Epic Games/4.9/Engine/Binaries/Win64/../../../Engine/Shaders/SimpleElementColorChannelMaskPixelShader.usf" 178
"C:/Program Files/Epic Games/4.9/Engine/Binaries/Win64/../../../Engine/Shaders/SimpleElementPixelShader.usf" 179
"C:/Program Files/Epic Games/4.9/Engine/Binaries/Win64/../../../Engine/Shaders/ColorUtils.usf" 180
"C:/Program Files/Epic Games/4.9/Engine/Binaries/Win64/../../../Engine/Shaders/IESLightProfilesCommon.usf" 181
"C:/Program Files/Epic Games/4.9/Engine/Binaries/Win64/../../../Engine/Shaders/SimpleElementHitProxyPixelShader.usf" 182
"C:/Program Files/Epic Games/4.9/Engine/Binaries/Win64/../../../Engine/Shaders/SimpleElementVertexShader.usf" 183
"C:/Program Files/Epic Games/4.9/Engine/Binaries/Win64/../../../Engine/Shaders/ScreenVertexShader.usf" 184
"C:/Program Files/Epic Games/4.9/Engine/Binaries/Win64/../../../Engine/Shaders/ScreenPixelShader.usf" 185
"C:/Program Files/Epic Games/4.9/Engine/Binaries/Win64/../../../Engine/Shaders/RadixSortShaders.usf" 186
"C:/Program Files/Epic Games/4.9/Engine/Binaries/Win64/../../../Engine/Shaders/GpuSkinCacheComputeShader.usf" 187
"C:/Program Files/Epic Games/4.9/Engine/Binaries/Win64/../../../Engine/Shaders/NullPixelShader.usf" 188
"C:/Program Files/Epic Games/4.9/Engine/Binaries/Win64/../../../Engine/Shaders/LandscapeGrassWeight.usf" 189
"C:/Program Files/Epic Games/4.9/Engine/Binaries/Win64/../../../Engine/Shaders/VisualizeTexture.usf" 190
"C:/Program Files/Epic Games/4.9/Engine/Binaries/Win64/../../../Engine/Shaders/ScreenSpaceReflections.usf" 191
"C:/Program Files/Epic Games/4.9/Engine/Binaries/Win64/../../../Engine/Shaders/BRDF.usf" 192
"C:/Program Files/Epic Games/4.9/Engine/Binaries/Win64/../../../Engine/Shaders/MonteCarlo.usf" 193
"C:/Program Files/Epic Games/4.9/Engine/Binaries/Win64/../../../Engine/Shaders/ScreenSpaceRayCast.usf" 194
"C:/Program Files/Epic Games/4.9/Engine/Binaries/Win64/../../../Engine/Shaders/FilterVertexShader.usf" 195
"C:/Program Files/Epic Games/4.9/Engine/Binaries/Win64/../../../Engine/Shaders/FilterPixelShader.usf" 196
"C:/Program Files/Epic Games/4.9/Engine/Binaries/Win64/../../../Engine/Shaders/PostProcessVisualizeHDR.usf" 197
"C:/Program Files/Epic Games/4.9/Engine/Binaries/Win64/../../../Engine/Shaders/PostProcessHistogramCommon.usf" 198
"C:/Program Files/Epic Games/4.9/Engine/Binaries/Win64/../../../Engine/Shaders/TonemapCommon.usf" 199
"C:/Program Files/Epic Games/4.9/Engine/Binaries/Win64/../../../Engine/Shaders/ACES.usf" 200
"C:/Program Files/Epic Games/4.9/Engine/Binaries/Win64/../../../Engine/Shaders/MiniFontCommon.usf" 201
"C:/Program Files/Epic Games/4.9/Engine/Binaries/Win64/../../../Engine/Shaders/PostProcessVisualizeBuffer.usf" 202
"C:/Program Files/Epic Games/4.9/Engine/Binaries/Win64/../../../Engine/Shaders/PostProcessUpscale.usf" 203
"C:/Program Files/Epic Games/4.9/Engine/Binaries/Win64/../../../Engine/Shaders/PostProcessTonemap.usf" 204
"C:/Program Files/Epic Games/4.9/Engine/Binaries/Win64/../../../Engine/Shaders/PostProcessTestImage.usf" 205
"C:/Program Files/Epic Games/4.9/Engine/Binaries/Win64/../../../Engine/Shaders/PostProcessTemporalAA.usf" 206
"C:/Program Files/Epic Games/4.9/Engine/Binaries/Win64/../../../Engine/Shaders/PostProcessTemporalCommon.usf" 207
"C:/Program Files/Epic Games/4.9/Engine/Binaries/Win64/../../../Engine/Shaders/PostProcessSubsurface.usf" 208
"C:/Program Files/Epic Games/4.9/Engine/Binaries/Win64/../../../Engine/Shaders/SeparableSSS.usf" 209
"C:/Program Files/Epic Games/4.9/Engine/Binaries/Win64/../../../Engine/Shaders/PostProcessSelectionOutline.usf" 210
"C:/Program Files/Epic Games/4.9/Engine/Binaries/Win64/../../../Engine/Shaders/PostProcessSceneColorFringe.usf" 211
"C:/Program Files/Epic Games/4.9/Engine/Binaries/Win64/../../../Engine/Shaders/PostProcessNoiseBlur.usf" 212
"C:/Program Files/Epic Games/4.9/Engine/Binaries/Win64/../../../Engine/Shaders/PostProcessMotionBlur.usf" 213
"C:/Program Files/Epic Games/4.9/Engine/Binaries/Win64/../../../Engine/Shaders/FastMath.usf" 214
"C:/Program Files/Epic Games/4.9/Engine/Binaries/Win64/../../../Engine/Shaders/PostProcessVelocityFlatten.usf" 215
"C:/Program Files/Epic Games/4.9/Engine/Binaries/Win64/../../../Engine/Shaders/MorpheusInclude.usf" 216
"C:/Program Files/Epic Games/4.9/Engine/Binaries/Win64/../../../Engine/Shaders/PostProcessMobile.usf" 217
"C:/Program Files/Epic Games/4.9/Engine/Binaries/Win64/../../../Engine/Shaders/PostProcessMaterialShaders.usf" 218
"C:/Program Files/Epic Games/4.9/Engine/Binaries/Win64/../../../Engine/Shaders/PostProcessLensFlares.usf" 219
"C:/Program Files/Epic Games/4.9/Engine/Binaries/Win64/../../../Engine/Shaders/PostProcessLensBlur.usf" 220
"C:/Program Files/Epic Games/4.9/Engine/Binaries/Win64/../../../Engine/Shaders/PostProcessBloom.usf" 221
"C:/Program Files/Epic Games/4.9/Engine/Binaries/Win64/../../../Engine/Shaders/PostProcessHMD.usf" 222
"C:/Program Files/Epic Games/4.9/Engine/Binaries/Win64/../../../Engine/Shaders/PostProcessHistogramReduce.usf" 223
"C:/Program Files/Epic Games/4.9/Engine/Binaries/Win64/../../../Engine/Shaders/PostProcessHistogram.usf" 224
"C:/Program Files/Epic Games/4.9/Engine/Binaries/Win64/../../../Engine/Shaders/PostProcessHierarchical.usf" 225
"C:/Program Files/Epic Games/4.9/Engine/Binaries/Win64/../../../Engine/Shaders/PostProcessGBufferHints.usf" 226
"C:/Program Files/Epic Games/4.9/Engine/Binaries/Win64/../../../Engine/Shaders/PostProcessEyeAdaptation.usf" 227
"C:/Program Files/Epic Games/4.9/Engine/Binaries/Win64/../../../Engine/Shaders/PostProcessDownsample.usf" 228
"C:/Program Files/Epic Games/4.9/Engine/Binaries/Win64/../../../Engine/Shaders/PostProcessDOF.usf" 229
"C:/Program Files/Epic Games/4.9/Engine/Binaries/Win64/../../../Engine/Shaders/PostProcessCompositeEditorPrimitives.usf" 230
"C:/Program Files/Epic Games/4.9/Engine/Binaries/Win64/../../../Engine/Shaders/PostProcessCombineLUTs.usf" 231
"C:/Program Files/Epic Games/4.9/Engine/Binaries/Win64/../../../Engine/Shaders/PostProcessCircleDOF.usf" 232
"C:/Program Files/Epic Games/4.9/Engine/Binaries/Win64/../../../Engine/Shaders/CircleDOFCommon.usf" 233
"C:/Program Files/Epic Games/4.9/Engine/Binaries/Win64/../../../Engine/Shaders/PostProcessBusyWait.usf" 234
"C:/Program Files/Epic Games/4.9/Engine/Binaries/Win64/../../../Engine/Shaders/PostProcessBokehDOF.usf" 235
"C:/Program Files/Epic Games/4.9/Engine/Binaries/Win64/../../../Engine/Shaders/PostProcessVisualizeDOF.usf" 236
"C:/Program Files/Epic Games/4.9/Engine/Binaries/Win64/../../../Engine/Shaders/FXAAShader.usf" 237
"C:/Program Files/Epic Games/4.9/Engine/Binaries/Win64/../../../Engine/Shaders/Fxaa3_11.usf" 238
"C:/Program Files/Epic Games/4.9/Engine/Binaries/Win64/../../../Engine/Shaders/PostProcessPassThrough.usf" 239
"C:/Program Files/Epic Games/4.9/Engine/Binaries/Win64/../../../Engine/Shaders/PostProcessLpvIndirect.usf" 240
"C:/Program Files/Epic Games/4.9/Engine/Binaries/Win64/../../../Engine/Shaders/DeferredLightingCommon.usf" 241
"C:/Program Files/Epic Games/4.9/Engine/Binaries/Win64/../../../Engine/Shaders/DynamicLightingCommon.usf" 242
"C:/Program Files/Epic Games/4.9/Engine/Binaries/Win64/../../../Engine/Shaders/ShadingModels.usf" 243
"C:/Program Files/Epic Games/4.9/Engine/Binaries/Win64/../../../Engine/Shaders/LPVFinalPass.usf" 244
"C:/Program Files/Epic Games/4.9/Engine/Binaries/Win64/../../../Engine/Shaders/LPVCommon.usf" 245
"C:/Program Files/Epic Games/4.9/Engine/Binaries/Win64/../../../Engine/Shaders/DeferredDecal.usf" 246
"C:/Program Files/Epic Games/4.9/Engine/Binaries/Win64/../../../Engine/Shaders/PostProcessAmbientOcclusion.usf" 247
"C:/Program Files/Epic Games/4.9/Engine/Binaries/Win64/../../../Engine/Shaders/PostProcessAmbient.usf" 248
"C:/Program Files/Epic Games/4.9/Engine/Binaries/Win64/../../../Engine/Shaders/CubemapCommon.usf" 249
"C:/Program Files/Epic Games/4.9/Engine/Binaries/Win64/../../../Engine/Shaders/VelocityShader.usf" 250
"C:/Program Files/Epic Games/4.9/Engine/Binaries/Win64/../../../Engine/Shaders/VelocityCommon.usf" 251
"C:/Program Files/Epic Games/4.9/Engine/Binaries/Win64/../../../Engine/Shaders/Tessellation.usf" 252
"C:/Program Files/Epic Games/4.9/Engine/Binaries/Win64/../../../Engine/Shaders/FlatTessellation.usf" 253
"C:/Program Files/Epic Games/4.9/Engine/Binaries/Win64/../../../Engine/Shaders/PNTriangles.usf" 254
"C:/Program Files/Epic Games/4.9/Engine/Binaries/Win64/../../../Engine/Shaders/TranslucentLightingShaders.usf" 255
"C:/Program Files/Epic Games/4.9/Engine/Binaries/Win64/../../../Engine/Shaders/SHCommon.usf" 256
"C:/Program Files/Epic Games/4.9/Engine/Binaries/Win64/../../../Engine/Shaders/ShadowProjectionCommon.usf" 257
"C:/Program Files/Epic Games/4.9/Engine/Binaries/Win64/../../../Engine/Shaders/TranslucentLightInjectionShaders.usf" 258
"C:/Program Files/Epic Games/4.9/Engine/Binaries/Win64/../../../Engine/Shaders/LightFunctionCommon.usf" 259
"C:/Program Files/Epic Games/4.9/Engine/Binaries/Win64/../../../Engine/Shaders/TranslucentShadowDepthShaders.usf" 260
"C:/Program Files/Epic Games/4.9/Engine/Binaries/Win64/../../../Engine/Shaders/ShadowDepthCommon.usf" 261
"C:/Program Files/Epic Games/4.9/Engine/Binaries/Win64/../../../Engine/Shaders/TiledDeferredLightShaders.usf" 262
"C:/Program Files/Epic Games/4.9/Engine/Binaries/Win64/../../../Engine/Shaders/SurfelTree.usf" 263
"C:/Program Files/Epic Games/4.9/Engine/Binaries/Win64/../../../Engine/Shaders/DistanceFieldLightingShared.usf" 264
"C:/Program Files/Epic Games/4.9/Engine/Binaries/Win64/../../../Engine/Shaders/SurfelMaterialShared.usf" 265
"C:/Program Files/Epic Games/4.9/Engine/Binaries/Win64/../../../Engine/Shaders/DistanceFieldAOShared.usf" 266
"C:/Program Files/Epic Games/4.9/Engine/Binaries/Win64/../../../Engine/Shaders/ShadowProjectionPixelShader.usf" 267
"C:/Program Files/Epic Games/4.9/Engine/Binaries/Win64/../../../Engine/Shaders/ShadowFilteringCommon.usf" 268
"C:/Program Files/Epic Games/4.9/Engine/Binaries/Win64/../../../Engine/Shaders/ShadowProjectionVertexShader.usf" 269
"C:/Program Files/Epic Games/4.9/Engine/Binaries/Win64/../../../Engine/Shaders/ShadowDepthPixelShader.usf" 270
"C:/Program Files/Epic Games/4.9/Engine/Binaries/Win64/../../../Engine/Shaders/LPVWriteVplCommon.usf" 271
"C:/Program Files/Epic Games/4.9/Engine/Binaries/Win64/../../../Engine/Shaders/LPVWriteCommon.usf" 272
"C:/Program Files/Epic Games/4.9/Engine/Binaries/Win64/../../../Engine/Shaders/ShadowDepthVertexShader.usf" 273
"C:/Program Files/Epic Games/4.9/Engine/Binaries/Win64/../../../Engine/Shaders/ShaderComplexityApplyPixelShader.usf" 274
"C:/Program Files/Epic Games/4.9/Engine/Binaries/Win64/../../../Engine/Shaders/ShaderComplexityApplyVertexShader.usf" 275
"C:/Program Files/Epic Games/4.9/Engine/Binaries/Win64/../../../Engine/Shaders/ShaderComplexityAccumulatePixelShader.usf" 276
"C:/Program Files/Epic Games/4.9/Engine/Binaries/Win64/../../../Engine/Shaders/HZBOcclusion.usf" 277
"C:/Program Files/Epic Games/4.9/Engine/Binaries/Win64/../../../Engine/Shaders/OcclusionQueryVertexShader.usf" 278
"C:/Program Files/Epic Games/4.9/Engine/Binaries/Win64/../../../Engine/Shaders/HitProxyPixelShader.usf" 279
"C:/Program Files/Epic Games/4.9/Engine/Binaries/Win64/../../../Engine/Shaders/HitProxyVertexShader.usf" 280
"C:/Program Files/Epic Games/4.9/Engine/Binaries/Win64/../../../Engine/Shaders/ReflectionEnvironmentShaders.usf" 281
"C:/Program Files/Epic Games/4.9/Engine/Binaries/Win64/../../../Engine/Shaders/ReflectionEnvironmentShared.usf" 282
"C:/Program Files/Epic Games/4.9/Engine/Binaries/Win64/../../../Engine/Shaders/SkyLightingShared.usf" 283
"C:/Program Files/Epic Games/4.9/Engine/Binaries/Win64/../../../Engine/Shaders/ReflectionEnvironmentComputeShaders.usf" 284
"C:/Program Files/Epic Games/4.9/Engine/Binaries/Win64/../../../Engine/Shaders/LightShaftShader.usf" 285
"C:/Program Files/Epic Games/4.9/Engine/Binaries/Win64/../../../Engine/Shaders/StationaryLightOverlapShaders.usf" 286
"C:/Program Files/Epic Games/4.9/Engine/Binaries/Win64/../../../Engine/Shaders/DeferredLightPixelShaders.usf" 287
"C:/Program Files/Epic Games/4.9/Engine/Binaries/Win64/../../../Engine/Shaders/DeferredLightVertexShaders.usf" 288
"C:/Program Files/Epic Games/4.9/Engine/Binaries/Win64/../../../Engine/Shaders/LPVVisualise.usf" 289
"C:/Program Files/Epic Games/4.9/Engine/Binaries/Win64/../../../Engine/Shaders/LPVGeometryVolumeCommon.usf" 290
"C:/Program Files/Epic Games/4.9/Engine/Binaries/Win64/../../../Engine/Shaders/LPVDirectLightInject.usf" 291
"C:/Program Files/Epic Games/4.9/Engine/Binaries/Win64/../../../Engine/Shaders/LPVPropagate.usf" 292
"C:/Program Files/Epic Games/4.9/Engine/Binaries/Win64/../../../Engine/Shaders/LPVPacking.usf" 293
"C:/Program Files/Epic Games/4.9/Engine/Binaries/Win64/../../../Engine/Shaders/LPVBuildGeometryVolume.usf" 294
"C:/Program Files/Epic Games/4.9/Engine/Binaries/Win64/../../../Engine/Shaders/LpvDirectionalOcclusion.usf" 295
"C:/Program Files/Epic Games/4.9/Engine/Binaries/Win64/../../../Engine/Shaders/LPVInject_AccumulateVplLists.usf" 296
"C:/Program Files/Epic Games/4.9/Engine/Binaries/Win64/../../../Engine/Shaders/LPVInject_GenerateVplLists.usf" 297
"C:/Program Files/Epic Games/4.9/Engine/Binaries/Win64/../../../Engine/Shaders/LPVClearLists.usf" 298
"C:/Program Files/Epic Games/4.9/Engine/Binaries/Win64/../../../Engine/Shaders/LPVClear.usf" 299
"C:/Program Files/Epic Games/4.9/Engine/Binaries/Win64/../../../Engine/Shaders/LightMapDensityShader.usf" 300
"C:/Program Files/Epic Games/4.9/Engine/Binaries/Win64/../../../Engine/Shaders/LightFunctionPixelShader.usf" 301
"C:/Program Files/Epic Games/4.9/Engine/Binaries/Win64/../../../Engine/Shaders/LightFunctionVertexShader.usf" 302
"C:/Program Files/Epic Games/4.9/Engine/Binaries/Win64/../../../Engine/Shaders/HeightfieldLighting.usf" 303
"C:/Program Files/Epic Games/4.9/Engine/Binaries/Win64/../../../Engine/Shaders/DistanceFieldShadowingShared.usf" 304
"C:/Program Files/Epic Games/4.9/Engine/Binaries/Win64/../../../Engine/Shaders/HdrCustomResolveShaders.usf" 305
"C:/Program Files/Epic Games/4.9/Engine/Binaries/Win64/../../../Engine/Shaders/GPUBenchmark.usf" 306
"C:/Program Files/Epic Games/4.9/Engine/Binaries/Win64/../../../Engine/Shaders/GlobalDistanceField.usf" 307
"C:/Program Files/Epic Games/4.9/Engine/Binaries/Win64/../../../Engine/Shaders/GammaCorrection.usf" 308
"C:/Program Files/Epic Games/4.9/Engine/Binaries/Win64/../../../Engine/Shaders/BasePassForForwardShadingPixelShader.usf" 309
"C:/Program Files/Epic Games/4.9/Engine/Binaries/Win64/../../../Engine/Shaders/BasePassForForwardShadingCommon.usf" 310
"C:/Program Files/Epic Games/4.9/Engine/Binaries/Win64/../../../Engine/Shaders/LightmapCommon.usf" 311
"C:/Program Files/Epic Games/4.9/Engine/Binaries/Win64/../../../Engine/Shaders/BasePassForForwardShadingVertexShader.usf" 312
"C:/Program Files/Epic Games/4.9/Engine/Binaries/Win64/../../../Engine/Shaders/HeightFogCommon.usf" 313
"C:/Program Files/Epic Games/4.9/Engine/Binaries/Win64/../../../Engine/Shaders/HeightFogPixelShader.usf" 314
"C:/Program Files/Epic Games/4.9/Engine/Binaries/Win64/../../../Engine/Shaders/HeightFogVertexShader.usf" 315
"C:/Program Files/Epic Games/4.9/Engine/Binaries/Win64/../../../Engine/Shaders/DistortAccumulatePS.usf" 316
"C:/Program Files/Epic Games/4.9/Engine/Binaries/Win64/../../../Engine/Shaders/DistortAccumulateVS.usf" 317
"C:/Program Files/Epic Games/4.9/Engine/Binaries/Win64/../../../Engine/Shaders/DistortApplyScreenPS.usf" 318
"C:/Program Files/Epic Games/4.9/Engine/Binaries/Win64/../../../Engine/Shaders/DistanceFieldSurfaceCacheLighting.usf" 319
"C:/Program Files/Epic Games/4.9/Engine/Binaries/Win64/../../../Engine/Shaders/SkyLighting.usf" 320
"C:/Program Files/Epic Games/4.9/Engine/Binaries/Win64/../../../Engine/Shaders/DistanceFieldSurfaceCacheLightingCompute.usf" 321
"C:/Program Files/Epic Games/4.9/Engine/Binaries/Win64/../../../Engine/Shaders/DistanceFieldShadowing.usf" 322
"C:/Program Files/Epic Games/4.9/Engine/Binaries/Win64/../../../Engine/Shaders/DistanceFieldScreenGridLighting.usf" 323
"C:/Program Files/Epic Games/4.9/Engine/Binaries/Win64/../../../Engine/Shaders/DistanceFieldLightingPost.usf" 324
"C:/Program Files/Epic Games/4.9/Engine/Binaries/Win64/../../../Engine/Shaders/DistanceFieldGlobalIllumination.usf" 325
"C:/Program Files/Epic Games/4.9/Engine/Binaries/Win64/../../../Engine/Shaders/DepthOnlyPixelShader.usf" 326
"C:/Program Files/Epic Games/4.9/Engine/Binaries/Win64/../../../Engine/Shaders/DepthOnlyVertexShader.usf" 327
"C:/Program Files/Epic Games/4.9/Engine/Binaries/Win64/../../../Engine/Shaders/PositionOnlyDepthVertexShader.usf" 328
"C:/Program Files/Epic Games/4.9/Engine/Binaries/Win64/../../../Engine/Shaders/DownsampleDepthPixelShader.usf" 329
"C:/Program Files/Epic Games/4.9/Engine/Binaries/Win64/../../../Engine/Shaders/EvaluateSurfelMaterial.usf" 330
"C:/Program Files/Epic Games/4.9/Engine/Binaries/Win64/../../../Engine/Shaders/ConvertToUniformMesh.usf" 331
"C:/Program Files/Epic Games/4.9/Engine/Binaries/Win64/../../../Engine/Shaders/BasePassPixelShader.usf" 332
"C:/Program Files/Epic Games/4.9/Engine/Binaries/Win64/../../../Engine/Shaders/BasePassCommon.usf" 333
"C:/Program Files/Epic Games/4.9/Engine/Binaries/Win64/../../../Engine/Shaders/ForEachLight.usf" 334
"C:/Program Files/Epic Games/4.9/Engine/Binaries/Win64/../../../Engine/Shaders/BasePassVertexShader.usf" 335
"C:/Program Files/Epic Games/4.9/Engine/Binaries/Win64/../../../Engine/Shaders/BasePassVertexCommon.usf" 336
"C:/Program Files/Epic Games/4.9/Engine/Binaries/Win64/../../../Engine/Shaders/BasePassTessellationShaders.usf" 337
"C:/Program Files/Epic Games/4.9/Engine/Binaries/Win64/../../../Engine/Shaders/AtmospherePrecompute.usf" 338
"C:/Program Files/Epic Games/4.9/Engine/Binaries/Win64/../../../Engine/Shaders/AtmospherePrecomputeCommon.usf" 339
"C:/Program Files/Epic Games/4.9/Engine/Binaries/Win64/../../../Engine/Shaders/AtmospherePrecomputeInscatter.usf" 340
"C:/Program Files/Epic Games/4.9/Engine/Binaries/Win64/../../../Engine/Shaders/AtmosphericFogShader.usf" 341
"C:/Program Files/Epic Games/4.9/Engine/Binaries/Win64/../../../Engine/Shaders/ResolveVertexShader.usf" 342
"C:/Program Files/Epic Games/4.9/Engine/Binaries/Win64/../../../Engine/Shaders/ResolvePixelShader.usf" 343
"C:/Program Files/Epic Games/4.9/Engine/Binaries/Win64/../../../Engine/Shaders/OneColorShader.usf" 344
"C:/Program Files/Epic Games/4.9/Engine/Binaries/Win64/../../../Engine/Shaders/MediaShaders.usf" 345
"C:/Program Files/Epic Games/4.9/Engine/Binaries/Win64/../../../Engine/Shaders/ClearReplacementShaders.usf" 346
"C:/Program Files/Epic Games/4.9/Engine/Binaries/Win64/../../../Engine/Shaders/SimpleElementTexture2DPreviewPixelShader.usf" 347
"C:/Program Files/Epic Games/4.9/Engine/Binaries/Win64/../../../Engine/Shaders/SimpleElementNormalMapPixelShader.usf" 348
"C:/Program Files/Epic Games/4.9/Engine/Binaries/Win64/../../../Engine/Shaders/meshpaintdilatepixelshader.usf" 349
"C:/Program Files/Epic Games/4.9/Engine/Binaries/Win64/../../../Engine/Shaders/meshpaintdilatevertexshader.usf" 350
"C:/Program Files/Epic Games/4.9/Engine/Binaries/Win64/../../../Engine/Shaders/MeshPaintPixelShader.usf" 351
"C:/Program Files/Epic Games/4.9/Engine/Binaries/Win64/../../../Engine/Shaders/MeshPaintVertexShader.usf" 352
"../../../Engine/Config/Android/AndroidEngine.ini" 353
"../../../Engine/Config/IOS/IOSEngine.ini" 354
"../../../Engine/Config/Linux/LinuxEngine.ini" 355
"C:/Users/Mark/AppData/Local/UnrealEngine/4.9/DerivedDataCache/Boot.ddc" 356
"../../../Engine/DerivedDataCache/Compressed.ddp" 357
"../../../Engine/Content/EngineFonts/Roboto.uasset" 358
"../../../Engine/Content/EngineMaterials/Widget3DPassThrough_Translucent.uasset" 359
"../../../Engine/Content/EngineMaterials/Widget3DPassThrough.uasset" 360
"../../../Engine/Content/Functions/Engine_MaterialFunctions02/Texturing/ScreenAlignedUVs.uasset" 361
"../../../Engine/Content/EngineResources/WhiteSquareTexture.uasset" 362
"../../../Engine/Content/Functions/Engine_MaterialFunctions01/Shading/PowerToRoughness.uasset" 363
"../../../Engine/Content/Functions/Engine_MaterialFunctions01/Shading/ConvertFromDiffSpec.uasset" 364
"../../../Engine/Content/EngineMaterials/WorldGridMaterial.uasset" 365
"../../../Engine/Content/Functions/Engine_MaterialFunctions01/Opacity/CameraDepthFade.uasset" 366
"../../../Engine/Content/EngineMaterials/T_Default_Material_Grid_M.uasset" 367
"../../../Engine/Content/EngineMaterials/T_Default_Material_Grid_N.uasset" 368
"../../../Engine/Content/EngineMaterials/DefaultDeferredDecalMaterial.uasset" 369
"../../../Engine/Content/EngineMaterials/DefaultDiffuse.uasset" 370
"../../../Engine/Content/EngineMaterials/DefaultLightFunctionMaterial.uasset" 371
"../../../Engine/Content/EngineMaterials/DefaultPostProcessMaterial.uasset" 372
"../../../Engine/Content/Functions/Engine_MaterialFunctions02/Utility/BreakOutFloat2Components.uasset" 373
"../../../Engine/Content/EngineResources/DefaultTexture.uasset" 374
"../../../Engine/Content/EngineMaterials/Widget3DPassThrough_Translucent_OneSided.uasset" 375
"../../../Engine/Content/EngineMaterials/Widget3DPassThrough_Opaque.uasset" 376
"../../../Engine/Content/EngineMaterials/Widget3DPassThrough_Opaque_OneSided.uasset" 377
"../../../Engine/Content/EngineMaterials/Widget3DPassThrough_Masked.uasset" 378
"../../../Engine/Content/EngineMaterials/Widget3DPassThrough_Masked_OneSided.uasset" 379
"../../../Engine/Content/EditorResources/S_Actor.uasset" 380
"C:/Users/Mark/Documents/School/SoftwareEngineering/TDProject/Saved/Config/Windows/TemplateDefs.ini" 381
"../../../../../../Users/Mark/Documents/School/SoftwareEngineering/TDProject/Intermediate/Config/CoalescedSourceConfigs/TemplateDefs.ini" 382
"C:/Users/Mark/Documents/School/SoftwareEngineering/TDProject/Saved/Config/Windows/GameplayTags.ini" 383
"../../../../../../Users/Mark/Documents/School/SoftwareEngineering/TDProject/Intermediate/Config/CoalescedSourceConfigs/GameplayTags.ini" 384
"../../../Engine/Content/Maps/Templates/Thumbnails/Default.uasset" 385
"../../../Engine/Content/EditorMaterials/ParticleSystems/PSysThumbnail_NoImage.uasset" 386
"../../../Engine/Content/EditorMaterials/ParticleSystems/PSysThumbnail_OOD.uasset" 387
"../../../Engine/Content/EditorLandscapeResources/DataLayer.uasset" 388
"../../../Engine/Content/EngineDamageTypes/DmgTypeBP_Environmental.uasset" 389
"..\..\..\Engine\Content\Internationalization\icudt53l\numberingSystems.res" 390
"..\..\..\Engine\Content\Internationalization\icudt53l\curr\supplementalData.res" 391
"..\..\..\Engine\Content\Internationalization\icudt53l\curr\pool.res" 392
"..\..\..\Engine\Content\Internationalization\icudt53l\curr\en.res" 393
"..\..\..\Engine\Content\Internationalization\icudt53l\curr\root.res" 394
"../../../Engine/Content/EngineMeshes/Sphere.uasset" 395
"../../../Engine/Content/EngineFonts/RobotoDistanceField.uasset" 396
"../../../Engine/Content/EngineMaterials/DefaultTextMaterialOpaque.uasset" 397
"../../../Engine/Content/EditorResources/S_Trigger.uasset" 398
"../../../Engine/Content/EngineResources/GradientTexture0.uasset" 399
"../../../Engine/Content/EngineResources/Black.uasset" 400
"../../../Engine/Content/EditorMaterials/MatineeGroups/MAT_Groups_Float.uasset" 401
"../../../Engine/Content/EditorMaterials/MatineeGroups/MAT_Groups_Director.uasset" 402
"../../../Engine/Content/EditorMaterials/MatineeGroups/MAT_Groups_Event.uasset" 403
"../../../Engine/Content/EditorMaterials/MatineeGroups/MAT_Groups_Anim.uasset" 404
"../../../Engine/Content/EditorMaterials/MatineeGroups/MAT_Groups_Fade.uasset" 405
"../../../Engine/Content/EditorMaterials/MatineeGroups/MAT_Groups_Move.uasset" 406
"../../../Engine/Content/EditorMaterials/MatineeGroups/MAT_Groups_Slomo.uasset" 407
"../../../Engine/Content/EditorMaterials/MatineeGroups/MAT_ColorTrack.uasset" 408
"../../../Engine/Content/EditorMaterials/MAT_Groups_Toggle.uasset" 409
"../../../Engine/Content/EditorMaterials/MatineeGroups/MAT_Groups_AudioMaster.uasset" 410
"../../../Engine/Content/EditorMaterials/MatineeGroups/MAT_Groups_Sound.uasset" 411
"../../../Engine/Content/EditorMaterials/MatineeGroups/MAT_Groups_Vector.uasset" 412
"../../../Engine/Content/EditorMaterials/MAT_Groups_Visibility.uasset" 413
"../../../Engine/Content/EngineResources/DefaultTextureCube.uasset" 414
"../../../Engine/Content/EngineSounds/Master.uasset" 415
"../../../Engine/Content/EngineSounds/Music.uasset" 416
"../../../Engine/Content/EngineSounds/SFX.uasset" 417
"../../../Engine/Content/EngineSounds/Normal_Attack.uasset" 418
"../../../Engine/Content/EngineSounds/Special_Attack_PSM.uasset" 419
"../../../Engine/Content/EngineSounds/Duck_Normal_Attack_MixMod.uasset" 420
"../../../Engine/Content/EngineSounds/Voice.uasset" 421
"../../../Engine/Content/EngineMeshes/Cylinder.uasset" 422
"../../../Engine/Content/EngineMaterials/DefaultMaterial.uasset" 423
"../../../Engine/Content/EngineTireTypes/DefaultTireType.uasset" 424
"../../../Engine/Content/Editor/Slate/Fonts/FontAwesome.ttf" 425
"../../../Engine/Content/Editor/Slate/Fonts/DroidSansMono.ttf" 426
"../../../Engine/Content/Editor/Slate/Fonts/Roboto-BoldCondensed.ttf" 427
"../../../Engine/Content/Editor/Slate/Fonts/Roboto-Black.ttf" 428
"../../../Engine/Content/Editor/Slate/Fonts/Roboto-Italic.ttf" 429
"../../../Engine/Content/Editor/Slate/Fonts/Roboto-BoldCondensedItalic.ttf" 430
"..\..\..\Engine\Content\Internationalization\icudt53l\coll\ucadata.icu" 431
"..\..\..\Engine\Content\Internationalization\icudt53l\nfc.nrm" 432
"..\..\..\Engine\Content\Internationalization\icudt53l\coll\en_US.res" 433
"..\..\..\Engine\Content\Internationalization\icudt53l\coll\en.res" 434
"..\..\..\Engine\Content\Internationalization\icudt53l\coll\root.res" 435
"../../../Engine/Content/EngineResources/AICON-Red.uasset" 436
"../../../Engine/Content/EngineResources/AICON-Green.uasset" 437
"../../../Engine/Content/Tutorial/Basics/LevelEditorOverview.uasset" 438
"../../../Engine/Content/Tutorial/Basics/TutorialAssets/icon_tab_Levels_40x.uasset" 439
"../../../Engine/Content/Tutorial/SubEditors/PersonaAnimEditorWalkthrough.uasset" 440
"../../../Engine/Content/Tutorial/SubEditors/TutorialAssets/icon_ShowSkeletalMeshes_40x.uasset" 441
"../../../Engine/Content/Tutorial/SubEditors/PersonaAnimBlueprintEditorWalkthrough.uasset" 442
"../../../Engine/Content/Tutorial/Basics/LevelEditorAttract.uasset" 443
"../../../Engine/Content/Tutorial/BlueprintTutorials/BlueprintEditorTutorial.uasset" 444
"../../../Engine/Content/Tutorial/BlueprintTutorials/TutorialAssets/Blueprint_64x.uasset" 445
"../../../Engine/Content/Tutorial/BlueprintTutorials/LevelBlueprintEditorOverview.uasset" 446
"../../../Engine/Content/Tutorial/SubEditors/MaterialEditorTutorial.uasset" 447
"../../../Engine/Content/Tutorial/Paper2D/SpriteEditorTutorial.uasset" 448
"../../../Engine/Content/Tutorial/Paper2D/TutorialAssets/Paper2DSprite_TutorialIcon.uasset" 449
"../../../Engine/Content/Tutorial/Paper2D/FlipbookEditorTutorial.uasset" 450
"../../../Engine/Content/Tutorial/Paper2D/TutorialAssets/Paper2DFlipbook_TutorialIcon.uasset" 451
"../../../Engine/Content/Tutorial/ContentIntroCurve.uasset" 452
"../../../Engine/Plugins/2D/Paper2D/Content/MaskedUnlitSpriteMaterial.uasset" 453
"../../../Engine/Plugins/2D/Paper2D/Content/DefaultSpriteMaterial.uasset" 454
"../../../Engine/Plugins/2D/Paper2D/Content/DummySpriteTexture.uasset" 455
"../../../Engine/Plugins/2D/Paper2D/Content/PlaceholderTextures/DummySpriteTexture.uasset" 456
"../../../Engine/Plugins/2D/Paper2D/Content/OpaqueUnlitSpriteMaterial.uasset" 457
"../../../Engine/Plugins/2D/Paper2D/Content/DefaultPaperTerrainMaterial.uasset" 458
"../../../Engine/Plugins/2D/Paper2D/Content/DummySprite.uasset" 459
"C:/Users/Mark/AppData/Local/UnrealEngine/4.9/Saved/Config/Windows/SourceControlSettings.ini" 460
"../../../../../../Users/Mark/Documents/School/SoftwareEngineering/TDProject/Intermediate/Config/CoalescedSourceConfigs/SourceControlSettings.ini" 461
"C:/Users/Mark/Documents/School/SoftwareEngineering/TDProject/Saved/Config/Windows/SourceControlSettings.ini" 462
"../../../Engine/Plugins/Runtime/LeapMotionController/Content/LM_CapsuleMesh.uasset" 463
"../../../Engine/Plugins/Runtime/LeapMotionController/Content/LM_TorusMesh.uasset" 464
"../../../Engine/Plugins/Runtime/LeapMotionController/Content/LM_HandColor.uasset" 465
"../../../Engine/Plugins/Runtime/LeapMotionController/Content/LM_PassthroughMaterial.uasset" 466
"../../../Engine/Plugins/Runtime/LeapMotionController/Content/LM_SampleDistortion.uasset" 467
"../../../Engine/Plugins/Runtime/LeapMotionController/Content/LM_TestTexture.uasset" 468
"../../../Engine/Content/BasicShapes/Cube.uasset" 469
"../../../Engine/Content/EngineMaterials/RemoveSurfaceMaterial.uasset" 470
"../../../Engine/Content/EngineDebugMaterials/DebugMeshMaterial.uasset" 471
"../../../Engine/Content/EngineMaterials/M_InvalidLightmapSettings.uasset" 472
"../../../Engine/Content/EngineMaterials/InvalidLightmapSettings.uasset" 473
"../../../Engine/Content/EditorMaterials/GizmoMaterial.uasset" 474
"../../../Engine/Content/EngineMaterials/Good64x64TilingNoiseHighFreq.uasset" 475
"../../../Engine/Content/EngineMaterials/DefaultBokeh.uasset" 476
"../../../Engine/Content/EngineMaterials/PreintegratedSkinBRDF.uasset" 477
"../../../Engine/Content/EngineMaterials/MiniFont.uasset" 478
"../../../Engine/Content/EngineMaterials/WeightMapPlaceholderTexture.uasset" 479
"../../../Engine/Content/EngineMaterials/DefaultWhiteGrid.uasset" 480
"../../../Engine/Content/EngineMaterials/DefaultPhysicalMaterial.uasset" 481
"../../../Engine/Content/EngineFonts/RobotoTiny.uasset" 482
"../../../../../../Users/Mark/Documents/School/SoftwareEngineering/TDProject/Intermediate/CachedAssetRegistry.bin" 483
"C:/Users/Mark/Documents/School/SoftwareEngineering/TDProject/Saved/Cooked/WindowsNoEditor/TDProject/CookedIniVersion.txt" 484
"../../../Engine/Config/HTML5/HTML5Engine.ini" 485
"../../../Engine/Content/MobileResources/HUD/VirtualJoystick_Thumb.uasset" 486
"../../../Engine/Content/EditorResources/BSPVertex.uasset" 487
"../../../Engine/Content/EngineDebugMaterials/WireframeMaterial.uasset" 488
"../../../Engine/Content/EngineDebugMaterials/GeomMaterial.uasset" 489
"../../../Engine/Content/EngineDebugMaterials/LevelColorationLitMaterial.uasset" 490
"../../../Engine/Content/EngineDebugMaterials/LevelColorationUnlitMaterial.uasset" 491
"../../../Engine/Content/EngineDebugMaterials/MAT_LevelColorationLitLightmapUV.uasset" 492
"../../../Engine/Content/EngineDebugMaterials/ShadedLevelColorationLitMaterial.uasset" 493
"../../../Engine/Content/EngineDebugMaterials/ShadedLevelColorationUnlitMateri.uasset" 494
"../../../Engine/Content/EngineDebugMaterials/VertexColorMaterial.uasset" 495
"../../../Engine/Content/EngineDebugMaterials/VertexColorViewMode_ColorOnly.uasset" 496
"../../../Engine/Content/EngineDebugMaterials/VertexColorViewMode_AlphaAsColor.uasset" 497
"../../../Engine/Content/EngineDebugMaterials/VertexColorViewMode_RedOnly.uasset" 498
"../../../Engine/Content/EngineDebugMaterials/VertexColorViewMode_GreenOnly.uasset" 499
"../../../Engine/Content/EngineDebugMaterials/VertexColorViewMode_BlueOnly.uasset" 500
"../../../Engine/Content/EngineDebugMaterials/BoneWeightMaterial.uasset" 501
"../../../Engine/Content/EngineDebugMaterials/HeatmapGradient.uasset" 502
"../../../Engine/Content/EditorMaterials/PhAT_JointLimitMaterial.uasset" 503
"../../../Engine/Content/EditorMaterials/PreviewShadowIndicatorMaterial.uasset" 504
"../../../Engine/Content/EditorMaterials/PreviewShadowIndicator.uasset" 505
"../../../Engine/Content/EngineMaterials/EditorBrushMaterial.uasset" 506
"../../../Engine/Content/EditorMeshes/ColorCalibrator/SM_ColorCalibrator.uasset" 507
"../../../Engine/Content/EditorMeshes/ColorCalibrator/M_ChromeBall.uasset" 508
"../../../Engine/Content/EditorMeshes/ColorCalibrator/M_ClearCoat.uasset" 509
"../../../Engine/Content/EditorMeshes/ColorCalibrator/M_ClearCoatBlack.uasset" 510
"../../../Engine/Content/EditorMeshes/ColorCalibrator/M_ColorGrid.uasset" 511
"../../../Engine/Content/EditorMeshes/ColorCalibrator/T_ColorGrid.uasset" 512
"../../../Engine/Content/EditorMeshes/ColorCalibrator/M_GreyBall.uasset" 513
"../../../Engine/Content/MobileResources/HUD/DefaultVirtualJoysticks.uasset" 514
"../../../Engine/Content/MobileResources/HUD/VirtualJoystick_Background.uasset" 515
"../../../Engine/Content/Tutorial/SubEditors/TutorialAssets/icon_Editor_Preferences_General_40x.uasset" 516
"../../../Engine/Content/Tutorial/Landscape/TutorialAssets/Landscape.uasset" 517
"../../../Engine/Content/Tutorial/Foliage/TutorialAssets/Foliage.uasset" 518
"../../../Engine/Content/Tutorial/SubEditors/StaticMeshEditorTutorial.uasset" 519
"../../../Engine/Content/EngineMeshes/Cube.uasset" 520
"../../../Engine/Content/Tutorial/BlueprintTutorials/BlueprintMacroLibrariesEditorOverview.uasset" 521
"../../../Engine/Content/Tutorial/BlueprintTutorials/TutorialAssets/BlueprintMacroLibrary_64x.uasset" 522
"../../../Engine/Content/Tutorial/BlueprintTutorials/TutorialAssets/Tutorial_BP_MacroLib.uasset" 523
"../../../Engine/Content/Tutorial/BlueprintTutorials/BlueprintInterfacesEditorOverview.uasset" 524
"../../../Engine/Content/Tutorial/BlueprintTutorials/TutorialAssets/BlueprintInterface_64x.uasset" 525
"../../../Engine/Content/Tutorial/BlueprintTutorials/TutorialAssets/Tutorial_BP_Interface.uasset" 526
"../../../Engine/Content/Tutorial/SubEditors/DestructibleMeshEditorTutorial.uasset" 527
"../../../Engine/Content/Tutorial/SubEditors/TutorialAssets/Tutorial_DM.uasset" 528
"../../../Engine/Content/EditorMeshes/EditorCube.uasset" 529
"../../../Engine/Content/Tutorial/SubEditors/ParticleSystemEditorTutorial.uasset" 530
"../../../Engine/Content/Tutorial/SubEditors/TutorialAssets/TutorialParticleSystem.uasset" 531
"../../../Engine/Content/Tutorial/SubEditors/TutorialAssets/M_smoke_subUV_blackbody.uasset" 532
"../../../Engine/Content/Tutorial/SubEditors/TutorialAssets/T_SmokeSubUV_8X8.uasset" 533
"../../../Engine/Content/Tutorial/SubEditors/TutorialAssets/T_soft_smoke.uasset" 534
"../../../Engine/Content/Tutorial/SubEditors/PersonaAnimEditorTutorial.uasset" 535
"../../../Engine/Content/Tutorial/Landscape/Landscape_Manage_Mode.uasset" 536
"../../../Engine/Content/Tutorial/Landscape/Landscape_Sculpt_Mode.uasset" 537
"../../../Engine/Content/Tutorial/Landscape/Landscape_Painting_Mode.uasset" 538
"../../../Engine/Content/Tutorial/Foliage/Foliage_Intro_Tutorial.uasset" 539
"../../../Engine/Content/Tutorial/Foliage/Foliage_Using_The_Tool_Tutorial.uasset" 540
"../../../Engine/Content/Tutorial/Foliage/Foliage_Settings_Tutorial.uasset" 541
"../../../Engine/Content/Tutorial/SubEditors/TutorialAssets/Character/NewBlendSpace1D.uasset" 542
"../../../Engine/Content/Tutorial/SubEditors/TutorialAssets/Character/Tutorial_Idle.uasset" 543
"../../../Engine/Content/Tutorial/SubEditors/TutorialAssets/Character/TutorialTPP_Skeleton.uasset" 544
"../../../Engine/Content/Tutorial/SubEditors/TutorialAssets/Character/Tutorial_Walk_Fwd.uasset" 545
"../../../Engine/Content/Tutorial/SubEditors/TutorialAssets/Character/TutorialTPP.uasset" 546
"../../../Engine/Content/Tutorial/SubEditors/TutorialAssets/Character/TutorialTPP_Mat.uasset" 547
"../../../Engine/Content/Tutorial/SubEditors/TutorialAssets/Character/TutorialTPP_PhysicsAsset.uasset" 548
"../../../Engine/Content/Tutorial/SubEditors/TutorialAssets/Character/TutorialTPP_AnimBlueprint.uasset" 549
"../../../Engine/Content/EditorBlueprintResources/StandardMacros.uasset" 550
"../../../Engine/Content/Tutorial/SubEditors/TutorialAssets/Character/TutorialCharacter.uasset" 551
"../../../Engine/Content/Tutorial/SubEditors/TutorialAssets/TutorialMaterial.uasset" 552
"../../../Engine/Content/MobileResources/HUD/T_Castle_ThumbstickInner.uasset" 553
"../../../Engine/Content/MobileResources/HUD/MobileHUDDirectionPad2.uasset" 554
"../../../Engine/Content/MobileResources/HUD/MobileHUDButton1_on.uasset" 555
"../../../Engine/Content/MobileResources/HUD/LeftVirtualJoystickOnly.uasset" 556
"../../../Engine/Content/MobileResources/HUD/AnalogHat.uasset" 557
"../../../Engine/Content/MobileResources/T_MobileControls_texture.uasset" 558
"../../../../../../Users/Mark/Documents/School/SoftwareEngineering/TDProject/Content/Sprites/Krakalakin/Krak-Idle.uasset" 559
"C:/Users/Mark/AppData/Local/UnrealEngine/Common/DerivedDataCache/0/8/1/TEXTURE_814DCC3DC72143F49509781513CB9855_BGRA8_B360AC314CF5CA7F73C926842453552__9F5A749C6ECE897C2DB197010FB94B70C43DCB5C.udd" 560
"../../../../../../Users/Mark/Documents/School/SoftwareEngineering/TDProject/Content/Sprites/KongoTheBongo/KtB-Attack_KtB-Attack_7.uasset" 561
"../../../../../../Users/Mark/Documents/School/SoftwareEngineering/TDProject/Content/Sprites/KongoTheBongo/KtB-Attack.uasset" 562
"../../../../../../Users/Mark/Documents/School/SoftwareEngineering/TDProject/Content/Sprites/KongoTheBongo/KtB-Attack_KtB-Attack_6.uasset" 563
"../../../../../../Users/Mark/Documents/School/SoftwareEngineering/TDProject/Content/Sprites/KongoTheBongo/KtB-Attack_KtB-Attack_5.uasset" 564
"../../../../../../Users/Mark/Documents/School/SoftwareEngineering/TDProject/Content/Sprites/KongoTheBongo/KtB-Attack_KtB-Attack_4.uasset" 565
"../../../../../../Users/Mark/Documents/School/SoftwareEngineering/TDProject/Content/Sprites/KongoTheBongo/KtB-Attack_KtB-Attack_3.uasset" 566
"../../../../../../Users/Mark/Documents/School/SoftwareEngineering/TDProject/Content/Sprites/KongoTheBongo/KtB-Attack_KtB-Attack_2.uasset" 567
"../../../../../../Users/Mark/Documents/School/SoftwareEngineering/TDProject/Content/Sprites/KongoTheBongo/KtB-Attack_KtB-Attack_1.uasset" 568
"../../../../../../Users/Mark/Documents/School/SoftwareEngineering/TDProject/Content/Sprites/KongoTheBongo/KtB-Attack_KtB-Attack_0.uasset" 569
"C:/Users/Mark/AppData/Local/UnrealEngine/Common/DerivedDataCache/9/4/0/TEXTURE_814DCC3DC72143F49509781513CB9855_BGRA8_C06C924746640F3DC81EB09F5C9E465__87A627B1E2E32D09C6651721BB4F5E5A541F4FED.udd" 570
"../../../../../../Users/Mark/Documents/School/SoftwareEngineering/TDProject/Content/Blueprints/KongoTheBongoPaper.uasset" 571
"../../../../../../Users/Mark/Documents/School/SoftwareEngineering/TDProject/Content/Sprites/KongoTheBongo/AttackAnimation.uasset" 572
"../../../../../../Users/Mark/Documents/School/SoftwareEngineering/TDProject/Content/Sprites/KongoTheBongo/IdleAnimation.uasset" 573
"../../../../../../Users/Mark/Documents/School/SoftwareEngineering/TDProject/Content/Sprites/KongoTheBongo/KtB-Idle_Sprite_0.uasset" 574
"../../../../../../Users/Mark/Documents/School/SoftwareEngineering/TDProject/Content/Sprites/KongoTheBongo/KtB-Idle.uasset" 575
"../../../../../../Users/Mark/Documents/School/SoftwareEngineering/TDProject/Content/Sprites/KongoTheBongo/KtB-Idle_Sprite_1.uasset" 576
"../../../../../../Users/Mark/Documents/School/SoftwareEngineering/TDProject/Content/Sprites/KongoTheBongo/KtB-Idle_Sprite_2.uasset" 577
"../../../../../../Users/Mark/Documents/School/SoftwareEngineering/TDProject/Content/Sprites/KongoTheBongo/KtB-Idle_Sprite_3.uasset" 578
"../../../../../../Users/Mark/Documents/School/SoftwareEngineering/TDProject/Content/Blueprints/KongotheBongo.uasset" 579
"../../../Engine/Content/MobileResources/HUD/MobileHUDButton1_off.uasset" 580
"../../../Engine/Content/MobileResources/T_MobileMenu2.uasset" 581
"../../../../../../Users/Mark/Documents/School/SoftwareEngineering/TDProject/Content/Sprites/Krakalakin/Idle.uasset" 582
"../../../../../../Users/Mark/Documents/School/SoftwareEngineering/TDProject/Content/Sprites/Krakalakin/Krak-Idle_Sprite_0.uasset" 583
"../../../../../../Users/Mark/Documents/School/SoftwareEngineering/TDProject/Content/Sprites/Krakalakin/Krak-Idle_Sprite_1.uasset" 584
"../../../../../../Users/Mark/Documents/School/SoftwareEngineering/TDProject/Content/Sprites/Krakalakin/Krak-Idle_Sprite_2.uasset" 585
"../../../../../../Users/Mark/Documents/School/SoftwareEngineering/TDProject/Content/Sprites/Krakalakin/Krak-Idle_Sprite_3.uasset" 586
"C:/Users/Mark/AppData/Local/UnrealEngine/Common/DerivedDataCache/4/2/7/TEXTURE_814DCC3DC72143F49509781513CB9855_BGRA8_136BDA2449EE33A81909F9BCF372A92__21B61AF7609152809A56BFD9F990318967409BCA.udd" 587
"../../../Engine/Content/MobileResources/HUD/T_Castle_ThumbstickOutter.uasset" 588
"../../../Engine/Content/MobileResources/HUD/MobileHUDDirectionPad.uasset" 589
"../../../Engine/Content/MobileResources/HUD/MobileHUDButton2_off.uasset" 590
"../../../../../../Users/Mark/Documents/School/SoftwareEngineering/TDProject/Content/Sprites/KongoTheBongo/Idle.uasset" 591
"../../../../../../Users/Mark/Documents/School/SoftwareEngineering/TDProject/Content/Blueprints/Krakalakin.uasset" 592
"../../../Engine/Content/MobileResources/HUD/MobileHUDDirectionStick.uasset" 593
"../../../Engine/Content/MobileResources/HUD/MobileHUDDirectionPad3.uasset" 594
"../../../Engine/Content/Maps/Entry.umap" 595
"../../../Engine/Content/EngineMaterials/DefaultNormal.uasset" 596
"../../../../../../Users/Mark/Documents/School/SoftwareEngineering/TDProject/Content/Maps/DebugMap.umap" 597
"../../../Engine/Content/EngineSky/BP_Sky_Sphere.uasset" 598
"../../../Engine/Content/EngineSky/C_Sky_Cloud_Color.uasset" 599
"../../../Engine/Content/EngineSky/C_Sky_Horizon_Color.uasset" 600
"../../../Engine/Content/EngineSky/C_Sky_Zenith_Color.uasset" 601
"../../../Engine/Content/EngineSky/M_Sky_Panning_Clouds2.uasset" 602
"../../../Engine/Content/EngineSky/T_Sky_Blue.uasset" 603
"../../../Engine/Content/EngineSky/T_Sky_Clouds_M.uasset" 604
"../../../Engine/Content/EngineSky/T_Sky_Stars.uasset" 605
"../../../Engine/Content/EngineSky/SM_SkySphere.uasset" 606
"../../../Engine/Content/MapTemplates/SM_Template_Map_Floor.uasset" 607
"C:/Users/Mark/AppData/Local/UnrealEngine/Common/DerivedDataCache/8/1/0/TEXTURE_814DCC3DC72143F49509781513CB9855_AUTODXT_DC8FC085423B0CD396DD3C9A99092__2773858FA0D2BCC44C136B58B7C09069C2142E28.udd" 608
"C:/Users/Mark/AppData/Local/UnrealEngine/Common/DerivedDataCache/6/1/9/TEXTURE_814DCC3DC72143F49509781513CB9855_AUTODXT_A31C2E4C4D686FD7696EF18A4835B__6C96C2256FD0C3264CBE3E0DC0AD313BF8BDDB03.udd" 609
"C:/Users/Mark/AppData/Local/UnrealEngine/Common/DerivedDataCache/0/1/7/TEXTURE_814DCC3DC72143F49509781513CB9855_DXT1_11224C0640345B587B467CAD11088A94__C5DF728303EA1222AACF0C4E1164F62071B6F35E.udd" 610
"C:/Users/Mark/AppData/Local/UnrealEngine/Common/DerivedDataCache/6/7/4/TEXTURE_814DCC3DC72143F49509781513CB9855_AUTODXT_DC8FC085423B0CD396DD3C9A99092__4D33835CC6F708E53C60C08FB42A7B882CB77D18.udd" 611
"C:/Users/Mark/AppData/Local/UnrealEngine/Common/DerivedDataCache/7/6/5/TEXTURE_814DCC3DC72143F49509781513CB9855_AUTODXT_DC8FC085423B0CD396DD3C9A99092__44AB41285C7DB6487D0C491D9CDCB31DCC7E0AF6.udd" 612
"C:/Users/Mark/AppData/Local/UnrealEngine/Common/DerivedDataCache/6/3/5/TEXTURE_814DCC3DC72143F49509781513CB9855_DXT1_11224C0640345B587B467CAD11088A94__025B1DDB723C63ECB6BED990BA15BB7ADA8BDD64.udd" 613
"C:/Users/Mark/AppData/Local/UnrealEngine/Common/DerivedDataCache/3/0/5/TEXTURE_814DCC3DC72143F49509781513CB9855_DXT1_D60CF6084C4B2A2C9D3DA0835502C881__1DB0926F15B83A4A7FD68077477D254D586DED4A.udd" 614
"C:/Users/Mark/AppData/Local/UnrealEngine/Common/DerivedDataCache/4/2/7/TEXTURE_814DCC3DC72143F49509781513CB9855_DXT1_11224C0640345B587B467CAD11088A94__27DDE4CFE70F288367B13AA6E409548807607825.udd" 615
"C:/Users/Mark/AppData/Local/UnrealEngine/Common/DerivedDataCache/9/0/1/TEXTURE_814DCC3DC72143F49509781513CB9855_G8_B104B665418285F8FD57528C874CFF8F_0__CF028A52924EDE0D5E2CC641161AB9BC28D8F6D9.udd" 616
"C:/Users/Mark/AppData/Local/UnrealEngine/Common/DerivedDataCache/5/3/0/TEXTURE_814DCC3DC72143F49509781513CB9855_G8_2AC59CCA47424E8A4517B9AD85E311A2_0__B8A9A26D30FDE06EA453E76F33C3F854A7E6EA36.udd" 617
"C:/Users/Mark/AppData/Local/UnrealEngine/Common/DerivedDataCache/5/5/2/TEXTURE_814DCC3DC72143F49509781513CB9855_G8_B104B665418285F8FD57528C874CFF8F_0__31C2D22BF48BCF6A6887E34AF3D286DEF8CD57DD.udd" 618
"C:/Users/Mark/AppData/Local/UnrealEngine/Common/DerivedDataCache/3/0/1/TEXTURE_814DCC3DC72143F49509781513CB9855_G8_B104B665418285F8FD57528C874CFF8F_0__1247F9336BBE4228AEC2418579E701887B803422.udd" 619
"../../../Engine/Content/EditorResources/EmptyActor.uasset" 620
"../../../Engine/Content/MobileResources/HUD/MobileHUDButton3.uasset" 621
"../../../../../../Users/Mark/Documents/School/SoftwareEngineering/TDProject/Content/Maps/Map1.umap" 622
"../../../Engine/Content/MobileResources/HUD/MobileHUDButtonFire.uasset" 623
"../../../Engine/Content/MobileResources/HUD/MobileHUDButton2_on.uasset" 624
"../../../../../../Users/Mark/Documents/School/SoftwareEngineering/TDProject/Saved/Stats/2015.12.02-21.56.41Stats.csv" 625
"..\..\..\Engine\Content\Internationalization\icudt53l\windowsZones.res" 626
"..\..\..\Engine\Content\Internationalization\icudt53l\zoneinfo64.res" 627
"..\..\..\Engine\Content\Internationalization\icudt53l\keyTypeData.res" 628
"..\..\..\Engine\Content\Internationalization\icudt53l\timezoneTypes.res" 629
"..\..\..\Engine\Content\Internationalization\icudt53l\supplementalData.res" 630
"..\..\..\Engine\Content\Internationalization\icudt53l\likelySubtags.res" 631
